/*C12*/SET SCHEMA PUBLIC
DROP TABLE IF EXISTS CARS
CREATE TABLE CARS( CAR_ID INTEGER NOT NULL IDENTITY, MODEL VARCHAR(100) NOT NULL, ENGINE_SIZE DOUBLE NOT NULL, PRICE INTEGER NOT NULL, RELEASE_DATE DATE NOT NULL, COLOR VARCHAR(100) NOT NULL, )
INSERT INTO CARS VALUES(0,'7 Series',4.4E0,134000,'2021-10-01','Gray')
INSERT INTO CARS VALUES(1,'8 Series',4.0E0,14000,'2022-02-04','Black')
COMMIT
/*C15*/SET SCHEMA PUBLIC
DISCONNECT
/*C21*/SET SCHEMA PUBLIC
DISCONNECT
/*C20*/SET SCHEMA PUBLIC
DISCONNECT
/*C13*/SET SCHEMA PUBLIC
DISCONNECT
/*C18*/SET SCHEMA PUBLIC
DISCONNECT
/*C16*/SET SCHEMA PUBLIC
DISCONNECT
/*C14*/SET SCHEMA PUBLIC
DISCONNECT
/*C19*/SET SCHEMA PUBLIC
DISCONNECT
/*C12*/DISCONNECT
/*C17*/SET SCHEMA PUBLIC
DISCONNECT
/*C22*/SET SCHEMA PUBLIC
DISCONNECT
/*C23*/SET SCHEMA PUBLIC
DISCONNECT
/*C24*/SET SCHEMA PUBLIC
DISCONNECT
/*C25*/SET SCHEMA PUBLIC
DISCONNECT
/*C26*/SET SCHEMA PUBLIC
DISCONNECT
/*C27*/SET SCHEMA PUBLIC
DISCONNECT
/*C28*/SET SCHEMA PUBLIC
DISCONNECT
/*C29*/SET SCHEMA PUBLIC
DISCONNECT
/*C30*/SET SCHEMA PUBLIC
DISCONNECT
/*C31*/SET SCHEMA PUBLIC
DISCONNECT
