/*C12*/SET SCHEMA PUBLIC
drop table if exists cars CASCADE 
drop table if exists cars_engineers CASCADE 
drop table if exists engineers CASCADE 
drop table if exists trademarks CASCADE 
create table cars (car_id integer generated by default as identity (start with 1), color varchar(255), engine_size double not null, image varchar(64), model varchar(255), price integer not null, release_date date, trademark_id integer, primary key (car_id))
create table cars_engineers (car_id integer not null, engineer_id integer not null)
create table engineers (engineer_id integer generated by default as identity (start with 1), name varchar(255), nationality varchar(255), tenure integer not null, primary key (engineer_id))
create table trademarks (trademark_id integer generated by default as identity (start with 1), founder varchar(255), launch_year integer not null, title varchar(255), primary key (trademark_id))
alter table cars add constraint UK474xrtqnpa6lwc38ebnhg7wwu unique (model)
alter table engineers add constraint UKgmtdxdu2j4b41pym2lia59r2p unique (name)
alter table cars add constraint FK2a9a46pqfoaoegd3x7fe9dlh5 foreign key (trademark_id) references trademarks
alter table cars_engineers add constraint FKh13smiup3g0yoicfot5x4qqeo foreign key (engineer_id) references engineers
alter table cars_engineers add constraint FK68konvramfilto0mb6be3xx9f foreign key (car_id) references cars
INSERT INTO TRADEMARKS VALUES(1,'Karl Benz',1926,'Mercedes-Benz')
INSERT INTO CARS VALUES(1,'WHITE',2.0E0,'aClass.jpg','A-Class',32500,'2019-08-31',1)
INSERT INTO ENGINEERS VALUES(1,'Frank Lamberty','German',18)
INSERT INTO ENGINEERS VALUES(2,'Christian Fr\u00fch','German',21)
INSERT INTO CARS VALUES(2,'CHROME',2.0E0,'cClass.jpg','C-Class',41400,'2019-12-14',1)
INSERT INTO ENGINEERS VALUES(3,'Winter Korn','American',14)
INSERT INTO TRADEMARKS VALUES(2,'Henry Ford',1903,'Ford')
INSERT INTO CARS VALUES(3,'WHITE',1.2E0,'fordSE.jpg','Fiesta SE',16000,'2017-06-10',2)
INSERT INTO TRADEMARKS VALUES(3,'Camillo Castiglioni',1916,'BMW')
INSERT INTO CARS VALUES(4,'GRAY',4.4E0,'bmw7.jpg','7 Series',134000,'2021-10-01',3)
INSERT INTO ENGINEERS VALUES(4,'Rishi Chavda','German',15)
INSERT INTO ENGINEERS VALUES(5,'Won Ju','Korean',12)
INSERT INTO CARS VALUES(5,'BLACK',4.0E0,'bmw8.png','8 Series',14000,'2022-02-04',3)
INSERT INTO TRADEMARKS VALUES(4,'August Horch',1909,'Audi')
INSERT INTO CARS VALUES(6,'BLUE',4.0E0,'audiR8.jpg','Audi R8',143000,'2018-01-04',4)
INSERT INTO ENGINEERS VALUES(6,'Christopher E. Bangle','American',10)
INSERT INTO TRADEMARKS VALUES(5,'German Labour Front',1937,'Volkswagen')
INSERT INTO CARS VALUES(7,'WHITE',2.0E0,'golf8.jpg','Golf 8',25300,'2021-02-05',5)
INSERT INTO ENGINEERS VALUES(7,'Heren Muller','German',10)
INSERT INTO TRADEMARKS VALUES(6,'AKiichiro Toyoda',1937,'Toyota')
INSERT INTO CARS VALUES(8,'WHITE',4.8E0,'chr.jpg','C-HR',25300,'2021-02-05',6)
INSERT INTO ENGINEERS VALUES(8,'Bern Hard','American',7)
INSERT INTO CARS_ENGINEERS VALUES(1,1)
INSERT INTO CARS_ENGINEERS VALUES(1,2)
INSERT INTO CARS_ENGINEERS VALUES(2,2)
INSERT INTO CARS_ENGINEERS VALUES(2,3)
INSERT INTO CARS_ENGINEERS VALUES(3,3)
INSERT INTO CARS_ENGINEERS VALUES(4,4)
INSERT INTO CARS_ENGINEERS VALUES(4,5)
INSERT INTO CARS_ENGINEERS VALUES(5,5)
INSERT INTO CARS_ENGINEERS VALUES(6,6)
INSERT INTO CARS_ENGINEERS VALUES(7,7)
INSERT INTO CARS_ENGINEERS VALUES(8,8)
COMMIT
INSERT INTO ENGINEERS VALUES(9,'Assam Saadaoui','Algerian',10)
DELETE FROM CARS_ENGINEERS WHERE CAR_ID=1 AND ENGINEER_ID=1
DELETE FROM CARS_ENGINEERS WHERE CAR_ID=1 AND ENGINEER_ID=2
INSERT INTO CARS_ENGINEERS VALUES(1,1)
INSERT INTO CARS_ENGINEERS VALUES(1,2)
INSERT INTO CARS_ENGINEERS VALUES(1,9)
COMMIT
DISCONNECT
/*C13*/SET SCHEMA PUBLIC
DISCONNECT
/*C14*/SET SCHEMA PUBLIC
DISCONNECT
/*C15*/SET SCHEMA PUBLIC
DISCONNECT
/*C16*/SET SCHEMA PUBLIC
DISCONNECT
/*C17*/SET SCHEMA PUBLIC
DISCONNECT
/*C18*/SET SCHEMA PUBLIC
DISCONNECT
/*C19*/SET SCHEMA PUBLIC
DISCONNECT
/*C20*/SET SCHEMA PUBLIC
DISCONNECT
/*C21*/SET SCHEMA PUBLIC
DISCONNECT
