/*C12*/SET SCHEMA PUBLIC
drop table if exists cars CASCADE 
drop table if exists cars_engineers CASCADE 
drop table if exists engineers CASCADE 
drop table if exists trademarks CASCADE 
create table cars (car_id integer generated by default as identity (start with 1), color varchar(255), engine_size double not null, image_url varchar(255), model varchar(255), price integer not null, release_date date, trade_mark_trademark_id integer, primary key (car_id))
create table cars_engineers (car_id integer not null, engineer_id integer not null)
create table engineers (engineer_id integer generated by default as identity (start with 1), name varchar(255), nationality varchar(255), tenure integer not null, primary key (engineer_id))
create table trademarks (trademark_id integer generated by default as identity (start with 1), current_year integer not null, founder varchar(255), launch_year integer not null, title varchar(255), primary key (trademark_id))
alter table cars add constraint FKimqvxjg3xm9t1can62nkjmyf foreign key (trade_mark_trademark_id) references trademarks
alter table cars_engineers add constraint FKh13smiup3g0yoicfot5x4qqeo foreign key (engineer_id) references engineers
alter table cars_engineers add constraint FK68konvramfilto0mb6be3xx9f foreign key (car_id) references cars
INSERT INTO CARS VALUES(0,'GRAY',4.4E0,NULL,'7 Series',134000,'2021-10-01',NULL)
INSERT INTO CARS VALUES(1,'BLACK',4.0E0,NULL,'8 Series',14000,'2022-02-04',NULL)
COMMIT
INSERT INTO ENGINEERS VALUES(0,'Frank Lamberty','German',18)
INSERT INTO ENGINEERS VALUES(1,'Christopher E. Bangle','American',10)
COMMIT
INSERT INTO ENGINEERS VALUES(2,'Assam','Algerian',10)
INSERT INTO TRADEMARKS VALUES(1,2021,' Golf 9',4,' Golf 9')
INSERT INTO CARS VALUES(2,'BLACK',0.054E0,NULL,'Golf 9',456212,'2021-12-29',1)
INSERT INTO CARS_ENGINEERS VALUES(2,2)
COMMIT
DELETE FROM CARS_ENGINEERS WHERE CAR_ID=2 AND ENGINEER_ID=2
DELETE FROM CARS WHERE CAR_ID=2
COMMIT
DELETE FROM CARS WHERE CAR_ID=1
COMMIT
DISCONNECT
/*C13*/SET SCHEMA PUBLIC
DISCONNECT
/*C14*/SET SCHEMA PUBLIC
DISCONNECT
/*C15*/SET SCHEMA PUBLIC
DISCONNECT
/*C16*/SET SCHEMA PUBLIC
DISCONNECT
/*C17*/SET SCHEMA PUBLIC
DISCONNECT
/*C18*/SET SCHEMA PUBLIC
DISCONNECT
/*C19*/SET SCHEMA PUBLIC
DISCONNECT
/*C20*/SET SCHEMA PUBLIC
DISCONNECT
/*C21*/SET SCHEMA PUBLIC
DISCONNECT
